<?xml version="1.0" encoding="UTF-8"?>
<!-- Generated by org.testng.reporters.JUnitXMLReporter -->
<testsuite hostname="DESKTOP-5N2O2MN" ignored="0" name="Surefire test" tests="6" failures="0" timestamp="2021-03-03T07:36:24 EST" time="77.407" errors="0">
  <testcase name="VerifyHomePageTitleTest" time="1.237" classname="com.weightwatchers.tests.WeightWatchersTest"/>
  <testcase name="VerifyFindNavigationWorkshopTest" time="9.093" classname="com.weightwatchers.tests.WeightWatchersTest"/>
  <testcase name="SearchAndPrintResultsTest" time="6.878" classname="com.weightwatchers.tests.WeightWatchersTest"/>
  <testcase name="VerifyLocationAndTitleTest" time="11.421" classname="com.weightwatchers.tests.WeightWatchersTest"/>
  <testcase name="PrintBusinessHoursTest" time="6.264" classname="com.weightwatchers.tests.WeightWatchersTest"/>
  <testcase name="PrintMeetingsDetailsTest" time="20.13" classname="com.weightwatchers.tests.WeightWatchersTest"/>
</testsuite> <!-- Surefire test -->
