<?xml version="1.0" encoding="UTF-8"?>
<!-- Generated by org.testng.reporters.JUnitXMLReporter -->
<testsuite hostname="DESKTOP-5N2O2MN" ignored="0" name="Weight watchers Test Cases" tests="6" failures="0" timestamp="2021-03-03T07:24:07 EST" time="82.745" errors="0">
  <testcase name="VerifyHomePageTitleTest" time="0.155" classname="com.weightwatchers.tests.WeightWatchersTest"/>
  <testcase name="VerifyFindNavigationWorkshopTest" time="10.872" classname="com.weightwatchers.tests.WeightWatchersTest"/>
  <testcase name="SearchAndPrintResultsTest" time="7.205" classname="com.weightwatchers.tests.WeightWatchersTest"/>
  <testcase name="VerifyLocationAndTitleTest" time="12.548" classname="com.weightwatchers.tests.WeightWatchersTest"/>
  <testcase name="PrintBusinessHoursTest" time="6.285" classname="com.weightwatchers.tests.WeightWatchersTest"/>
  <testcase name="PrintMeetingsDetailsTest" time="20.348" classname="com.weightwatchers.tests.WeightWatchersTest"/>
</testsuite> <!-- Weight watchers Test Cases -->
